<?xml version="1.0" encoding="UTF-8"?>
<!-- Generated by org.testng.reporters.JUnitXMLReporter -->
<testsuite hostname="DESKTOP-UQV7475" ignored="2" name="emulator-5554" tests="4" failures="3" timestamp="2022-05-10T08:48:47 ICT" time="41.076" errors="0">
  <testcase name="testLogin" time="19.727" classname="Test.authen.LoginTest2">
    <failure type="java.lang.AssertionError" message="The following asserts failed:
	[ERR] Invalid email format str incorrect expected [Please enter a valid email address.] but found [Please enter a valid email address],
	[ERR] true !=false expected [true] but found [false]">
      <![CDATA[java.lang.AssertionError: The following asserts failed:
[ERR] Invalid email format str incorrect expected [Please enter a valid email address.] but found [Please enter a valid email address],
[ERR] true !=false expected [true] but found [false]
at test_flows.authentication.LoginFlow.verifyIncorrectEmailStr(LoginFlow.java:83)
at test_flows.authentication.LoginFlow.verifyLogin(LoginFlow.java:56)
at Test.authen.LoginTest2.testLogin(LoginTest2.java:19)
at java.util.ArrayList.forEach(Unknown Source)
at java.util.concurrent.FutureTask.run(Unknown Source)
at java.util.concurrent.ThreadPoolExecutor.runWorker(Unknown Source)
at java.util.concurrent.ThreadPoolExecutor$Worker.run(Unknown Source)
at java.lang.Thread.run(Unknown Source)
... Removed 20 stack frames]]>
    </failure>
  </testcase> <!-- testLogin -->
  <testcase name="testLogin" time="5.704" classname="Test.authen.LoginTest2">
    <failure type="java.lang.AssertionError" message="The following asserts failed:
	[ERR] Invalid email format str incorrect expected [Please enter at least 8 characters.] but found [Please enter at least 8 characters],
	[ERR] true !=false expected [true] but found [false]">
      <![CDATA[java.lang.AssertionError: The following asserts failed:
[ERR] Invalid email format str incorrect expected [Please enter at least 8 characters.] but found [Please enter at least 8 characters],
[ERR] true !=false expected [true] but found [false]
at test_flows.authentication.LoginFlow.verifyIncorrectPasswordStr(LoginFlow.java:95)
at test_flows.authentication.LoginFlow.verifyLogin(LoginFlow.java:60)
at Test.authen.LoginTest2.testLogin(LoginTest2.java:19)
at java.util.ArrayList.forEach(Unknown Source)
at java.util.concurrent.FutureTask.run(Unknown Source)
at java.util.concurrent.ThreadPoolExecutor.runWorker(Unknown Source)
at java.util.concurrent.ThreadPoolExecutor$Worker.run(Unknown Source)
at java.lang.Thread.run(Unknown Source)
... Removed 20 stack frames]]>
    </failure>
  </testcase> <!-- testLogin -->
  <testcase name="testLogin" time="7.449" classname="Test.authen.LoginTest2"/>
  <testcase name="testFormInput" time="5.103" classname="Test.form.FormTest">
    <failure type="org.openqa.selenium.NoSuchElementException" message="An element could not be located on the page using the given search parameters.
For documentation on this error, please visit: https://www.seleniumhq.org/exceptions/no_such_element.html
Build info: version: &amp;apos;unknown&amp;apos;, revision: &amp;apos;unknown&amp;apos;, time: &amp;apos;unknown&amp;apos;
System info: host: &amp;apos;DESKTOP-UQV7475&amp;apos;, ip: &amp;apos;192.168.159.50&amp;apos;, os.name: &amp;apos;Windows 10&amp;apos;, os.arch: &amp;apos;amd64&amp;apos;, os.version: &amp;apos;10.0&amp;apos;, java.version: &amp;apos;1.8.0_321&amp;apos;
Driver info: io.appium.java_client.android.AndroidDriver
Capabilities {appActivity: com.wdiodemoapp.MainActivity, appPackage: com.wdiodemoapp, automationName: uiautomator2, databaseEnabled: false, desired: {appActivity: com.wdiodemoapp.MainActivity, appPackage: com.wdiodemoapp, automationName: uiautomator2, platformName: android, server:CONFIG_UUID: f606eb66-7cb5-4c66-9745-191..., systemPort: 8932, udid: emulator-5554}, deviceApiLevel: 30, deviceManufacturer: unknown, deviceModel: Android SDK built for x86, deviceName: emulator-5554, deviceScreenDensity: 440, deviceScreenSize: 1080x2340, deviceUDID: emulator-5554, javascriptEnabled: true, locationContextEnabled: false, networkConnectionEnabled: true, pixelRatio: 2.75, platform: LINUX, platformName: android, platformVersion: 11, server:CONFIG_UUID: f606eb66-7cb5-4c66-9745-191..., statBarHeight: 135, systemPort: 8932, takesScreenshot: true, udid: emulator-5554, viewportRect: {height: 1902, left: 0, top: 135, width: 1080}, warnings: {}, webStorageEnabled: false}
Session ID: ec10c6d5-b474-4e9e-a1bc-30c67a2146a5
*** Element info: {Using=accessibility id, value=Forms}">
      <![CDATA[org.openqa.selenium.NoSuchElementException: An element could not be located on the page using the given search parameters.
For documentation on this error, please visit: https://www.seleniumhq.org/exceptions/no_such_element.html
Build info: version: 'unknown', revision: 'unknown', time: 'unknown'
System info: host: 'DESKTOP-UQV7475', ip: '192.168.159.50', os.name: 'Windows 10', os.arch: 'amd64', os.version: '10.0', java.version: '1.8.0_321'
Driver info: io.appium.java_client.android.AndroidDriver
Capabilities {appActivity: com.wdiodemoapp.MainActivity, appPackage: com.wdiodemoapp, automationName: uiautomator2, databaseEnabled: false, desired: {appActivity: com.wdiodemoapp.MainActivity, appPackage: com.wdiodemoapp, automationName: uiautomator2, platformName: android, server:CONFIG_UUID: f606eb66-7cb5-4c66-9745-191..., systemPort: 8932, udid: emulator-5554}, deviceApiLevel: 30, deviceManufacturer: unknown, deviceModel: Android SDK built for x86, deviceName: emulator-5554, deviceScreenDensity: 440, deviceScreenSize: 1080x2340, deviceUDID: emulator-5554, javascriptEnabled: true, locationContextEnabled: false, networkConnectionEnabled: true, pixelRatio: 2.75, platform: LINUX, platformName: android, platformVersion: 11, server:CONFIG_UUID: f606eb66-7cb5-4c66-9745-191..., statBarHeight: 135, systemPort: 8932, takesScreenshot: true, udid: emulator-5554, viewportRect: {height: 1902, left: 0, top: 135, width: 1080}, warnings: {}, webStorageEnabled: false}
Session ID: ec10c6d5-b474-4e9e-a1bc-30c67a2146a5
*** Element info: {Using=accessibility id, value=Forms}
at org.openqa.selenium.remote.http.W3CHttpResponseCodec.createException(W3CHttpResponseCodec.java:187)
at org.openqa.selenium.remote.http.W3CHttpResponseCodec.decode(W3CHttpResponseCodec.java:122)
at org.openqa.selenium.remote.http.W3CHttpResponseCodec.decode(W3CHttpResponseCodec.java:49)
at org.openqa.selenium.remote.HttpCommandExecutor.execute(HttpCommandExecutor.java:158)
at io.appium.java_client.remote.AppiumCommandExecutor.execute(AppiumCommandExecutor.java:250)
at org.openqa.selenium.remote.RemoteWebDriver.execute(RemoteWebDriver.java:552)
at io.appium.java_client.DefaultGenericMobileDriver.execute(DefaultGenericMobileDriver.java:41)
at io.appium.java_client.AppiumDriver.execute(AppiumDriver.java:1)
at io.appium.java_client.android.AndroidDriver.execute(AndroidDriver.java:1)
at org.openqa.selenium.remote.RemoteWebDriver.findElement(RemoteWebDriver.java:323)
at io.appium.java_client.DefaultGenericMobileDriver.findElement(DefaultGenericMobileDriver.java:61)
at io.appium.java_client.AppiumDriver.findElement(AppiumDriver.java:1)
at io.appium.java_client.android.AndroidDriver.findElement(AndroidDriver.java:1)
at io.appium.java_client.FindsByAccessibilityId.findElementByAccessibilityId(FindsByAccessibilityId.java:37)
at io.appium.java_client.MobileBy$ByAccessibilityId.findElement(MobileBy.java:284)
at org.openqa.selenium.remote.RemoteWebDriver.findElement(RemoteWebDriver.java:315)
at io.appium.java_client.DefaultGenericMobileDriver.findElement(DefaultGenericMobileDriver.java:57)
at io.appium.java_client.AppiumDriver.findElement(AppiumDriver.java:1)
at io.appium.java_client.android.AndroidDriver.findElement(AndroidDriver.java:1)
at models.components.BottomNavComponent.clickOnFormsIcon(BottomNavComponent.java:32)
at test_flows.BaseFlow.gotoFormScreen(BaseFlow.java:19)
at Test.form.FormTest.testFormInput(FormTest.java:13)
at java.util.ArrayList.forEach(Unknown Source)
at java.util.concurrent.FutureTask.run(Unknown Source)
at java.util.concurrent.ThreadPoolExecutor.runWorker(Unknown Source)
at java.util.concurrent.ThreadPoolExecutor$Worker.run(Unknown Source)
at java.lang.Thread.run(Unknown Source)
... Removed 22 stack frames]]>
    </failure>
  </testcase> <!-- testFormInput -->
  <testcase name="@BeforeTest initAppiumSession" time="0.0" classname="Test.BaseTest">
    <ignored/>
  </testcase> <!-- @BeforeTest initAppiumSession -->
  <testcase name="@AfterTest quitAppiumSession" time="0.0" classname="Test.BaseTest">
    <ignored/>
  </testcase> <!-- @AfterTest quitAppiumSession -->
</testsuite> <!-- emulator-5554 -->
