<?xml version="1.0" encoding="UTF-8"?>
<!-- Generated by org.testng.reporters.JUnitXMLReporter -->
<testsuite hostname="DESKTOP-UQV7475" ignored="0" name="R28M804D20E" tests="3" failures="2" timestamp="2022-05-10T08:48:34 ICT" time="27.423" errors="0">
  <testcase name="testLogin" time="14.282" classname="Test.authen.LoginTest">
    <failure type="java.lang.AssertionError" message="The following asserts failed:
	[ERR] Invalid email format str incorrect expected [Please enter a valid email address.] but found [Please enter a valid email address],
	[ERR] true !=false expected [true] but found [false]">
      <![CDATA[java.lang.AssertionError: The following asserts failed:
[ERR] Invalid email format str incorrect expected [Please enter a valid email address.] but found [Please enter a valid email address],
[ERR] true !=false expected [true] but found [false]
at test_flows.authentication.LoginFlow.verifyIncorrectEmailStr(LoginFlow.java:83)
at test_flows.authentication.LoginFlow.verifyLogin(LoginFlow.java:56)
at Test.authen.LoginTest.testLogin(LoginTest.java:18)
at java.util.ArrayList.forEach(Unknown Source)
at java.util.concurrent.FutureTask.run(Unknown Source)
at java.util.concurrent.ThreadPoolExecutor.runWorker(Unknown Source)
at java.util.concurrent.ThreadPoolExecutor$Worker.run(Unknown Source)
at java.lang.Thread.run(Unknown Source)
... Removed 20 stack frames]]>
    </failure>
  </testcase> <!-- testLogin -->
  <testcase name="testLogin" time="4.998" classname="Test.authen.LoginTest">
    <failure type="java.lang.AssertionError" message="The following asserts failed:
	[ERR] Invalid email format str incorrect expected [Please enter at least 8 characters.] but found [Please enter at least 8 characters],
	[ERR] true !=false expected [true] but found [false]">
      <![CDATA[java.lang.AssertionError: The following asserts failed:
[ERR] Invalid email format str incorrect expected [Please enter at least 8 characters.] but found [Please enter at least 8 characters],
[ERR] true !=false expected [true] but found [false]
at test_flows.authentication.LoginFlow.verifyIncorrectPasswordStr(LoginFlow.java:95)
at test_flows.authentication.LoginFlow.verifyLogin(LoginFlow.java:60)
at Test.authen.LoginTest.testLogin(LoginTest.java:18)
at java.util.ArrayList.forEach(Unknown Source)
at java.util.concurrent.FutureTask.run(Unknown Source)
at java.util.concurrent.ThreadPoolExecutor.runWorker(Unknown Source)
at java.util.concurrent.ThreadPoolExecutor$Worker.run(Unknown Source)
at java.lang.Thread.run(Unknown Source)
... Removed 20 stack frames]]>
    </failure>
  </testcase> <!-- testLogin -->
  <testcase name="testLogin" time="6.399" classname="Test.authen.LoginTest"/>
</testsuite> <!-- R28M804D20E -->
