<!DOCTYPE html PUBLIC "-//W3C//DTD XHTML 1.1//EN" "https://www.w3.org/TR/xhtml11/DTD/xhtml11.dtd">
<html xmlns="https://www.w3.org/1999/xhtml">
<head>
<meta http-equiv="content-type" content="text/html; charset=UTF-8"/>
<title>TestNG Report</title>
<style type="text/css">table {margin-bottom:10px;border-collapse:collapse;empty-cells:show}th,td {border:1px solid #009;padding:.25em .5em}th {vertical-align:bottom}td {vertical-align:top}table a {font-weight:bold}.stripe td {background-color: #E6EBF9}.num {text-align:right}.passedodd td {background-color: #3F3}.passedeven td {background-color: #0A0}.skippedodd td {background-color: #DDD}.skippedeven td {background-color: #CCC}.failedodd td,.attn {background-color: #F33}.failedeven td,.stripe .attn {background-color: #D00}.stacktrace {white-space:pre;font-family:monospace}.totop {font-size:85%;text-align:center;border-bottom:2px solid #000}.invisible {display:none}</style>
</head>
<body>
<table>
<tr><th>Test</th><th># Passed</th><th># Skipped</th><th># Retried</th><th># Failed</th><th>Time (ms)</th><th>Included Groups</th><th>Excluded Groups</th></tr>
<tr><th colspan="8">Regression</th></tr>
<tr><td><a href="#t0">R28M804D20E</a></td><td class="num">1</td><td class="num">0</td><td class="num">0</td><td class="num attn">2</td><td class="num">27,423</td><td></td><td></td></tr>
<tr class="stripe"><td><a href="#t1">emulator-5554</a></td><td class="num">1</td><td class="num">0</td><td class="num">0</td><td class="num attn">3</td><td class="num">41,076</td><td></td><td></td></tr>
<tr><th>Total</th><th class="num">2</th><th class="num">0</th><th class="num">0</th><th class="num attn">5</th><th class="num">68,499</th><th colspan="2"></th></tr>
</table>
<table id='summary'><thead><tr><th>Class</th><th>Method</th><th>Start</th><th>Time (ms)</th></tr></thead><tbody><tr><th colspan="4">Regression</th></tr></tbody><tbody id="t0"><tr><th colspan="4">R28M804D20E &#8212; failed</th></tr><tr class="failedeven"><td rowspan="2">Test.authen.LoginTest</td><td><a href="#m0">testLogin</a></td><td rowspan="2">1652147301879</td><td rowspan="2">4998</td></tr><tr class="failedeven"><td><a href="#m1">testLogin</a></td></tr><tr><th colspan="4">R28M804D20E &#8212; passed</th></tr><tr class="passedeven"><td rowspan="1">Test.authen.LoginTest</td><td><a href="#m2">testLogin</a></td><td rowspan="1">1652147307297</td><td rowspan="1">6399</td></tr></tbody>
<tbody id="t1"><tr><th colspan="4">emulator-5554 &#8212; failed</th></tr><tr class="failedeven"><td rowspan="2">Test.authen.LoginTest2</td><td><a href="#m3">testLogin</a></td><td rowspan="2">1652147286950</td><td rowspan="2">19727</td></tr><tr class="failedeven"><td><a href="#m4">testLogin</a></td></tr><tr class="failedodd"><td rowspan="1">Test.form.FormTest</td><td><a href="#m5">testFormInput</a></td><td rowspan="1">1652147320974</td><td rowspan="1">5103</td></tr><tr><th colspan="4">emulator-5554 &#8212; passed</th></tr><tr class="passedeven"><td rowspan="1">Test.authen.LoginTest2</td><td><a href="#m6">testLogin</a></td><td rowspan="1">1652147313520</td><td rowspan="1">7449</td></tr></tbody>
</table>
<h2>R28M804D20E</h2><h3 id="m0">Test.authen.LoginTest#testLogin</h3><table class="result"><tr class="param"><th>Parameter #1</th></tr><tr class="param stripe"><td>LoginCredData{email=&apos;teo@sth.xyz&apos;, password=&apos;1234567&apos;}</td></tr><tr><th>Exception</th></tr><tr><td><div class="stacktrace">java.lang.AssertionError: The following asserts failed:
	[ERR] Invalid email format str incorrect expected [Please enter at least 8 characters.] but found [Please enter at least 8 characters],
	[ERR] true !=false expected [true] but found [false]
	at test_flows.authentication.LoginFlow.verifyIncorrectPasswordStr(LoginFlow.java:95)
	at test_flows.authentication.LoginFlow.verifyLogin(LoginFlow.java:60)
	at Test.authen.LoginTest.testLogin(LoginTest.java:18)
	at java.util.ArrayList.forEach(Unknown Source)
	at java.util.concurrent.FutureTask.run(Unknown Source)
	at java.util.concurrent.ThreadPoolExecutor.runWorker(Unknown Source)
	at java.util.concurrent.ThreadPoolExecutor$Worker.run(Unknown Source)
	at java.lang.Thread.run(Unknown Source)
... Removed 20 stack frames</div></td></tr></table><p class="totop"><a href="#summary">back to summary</a></p>
<h3 id="m1">Test.authen.LoginTest#testLogin</h3><table class="result"><tr class="param"><th>Parameter #1</th></tr><tr class="param stripe"><td>LoginCredData{email=&apos;teo@&apos;, password=&apos;12345678&apos;}</td></tr><tr><th>Exception</th></tr><tr><td><div class="stacktrace">java.lang.AssertionError: The following asserts failed:
	[ERR] Invalid email format str incorrect expected [Please enter a valid email address.] but found [Please enter a valid email address],
	[ERR] true !=false expected [true] but found [false]
	at test_flows.authentication.LoginFlow.verifyIncorrectEmailStr(LoginFlow.java:83)
	at test_flows.authentication.LoginFlow.verifyLogin(LoginFlow.java:56)
	at Test.authen.LoginTest.testLogin(LoginTest.java:18)
	at java.util.ArrayList.forEach(Unknown Source)
	at java.util.concurrent.FutureTask.run(Unknown Source)
	at java.util.concurrent.ThreadPoolExecutor.runWorker(Unknown Source)
	at java.util.concurrent.ThreadPoolExecutor$Worker.run(Unknown Source)
	at java.lang.Thread.run(Unknown Source)
... Removed 20 stack frames</div></td></tr></table><p class="totop"><a href="#summary">back to summary</a></p>
<h3 id="m2">Test.authen.LoginTest#testLogin</h3><table class="result"><tr class="param"><th>Parameter #1</th></tr><tr class="param stripe"><td>LoginCredData{email=&apos;teo@sth.com&apos;, password=&apos;12345678&apos;}</td></tr></table><p class="totop"><a href="#summary">back to summary</a></p>
<h2>emulator-5554</h2><h3 id="m3">Test.authen.LoginTest2#testLogin</h3><table class="result"><tr class="param"><th>Parameter #1</th></tr><tr class="param stripe"><td>LoginCredData{email=&apos;teo@&apos;, password=&apos;12345678&apos;}</td></tr><tr><th>Exception</th></tr><tr><td><div class="stacktrace">java.lang.AssertionError: The following asserts failed:
	[ERR] Invalid email format str incorrect expected [Please enter a valid email address.] but found [Please enter a valid email address],
	[ERR] true !=false expected [true] but found [false]
	at test_flows.authentication.LoginFlow.verifyIncorrectEmailStr(LoginFlow.java:83)
	at test_flows.authentication.LoginFlow.verifyLogin(LoginFlow.java:56)
	at Test.authen.LoginTest2.testLogin(LoginTest2.java:19)
	at java.util.ArrayList.forEach(Unknown Source)
	at java.util.concurrent.FutureTask.run(Unknown Source)
	at java.util.concurrent.ThreadPoolExecutor.runWorker(Unknown Source)
	at java.util.concurrent.ThreadPoolExecutor$Worker.run(Unknown Source)
	at java.lang.Thread.run(Unknown Source)
... Removed 20 stack frames</div></td></tr></table><p class="totop"><a href="#summary">back to summary</a></p>
<h3 id="m4">Test.authen.LoginTest2#testLogin</h3><table class="result"><tr class="param"><th>Parameter #1</th></tr><tr class="param stripe"><td>LoginCredData{email=&apos;teo@sth.xyz&apos;, password=&apos;1234567&apos;}</td></tr><tr><th>Exception</th></tr><tr><td><div class="stacktrace">java.lang.AssertionError: The following asserts failed:
	[ERR] Invalid email format str incorrect expected [Please enter at least 8 characters.] but found [Please enter at least 8 characters],
	[ERR] true !=false expected [true] but found [false]
	at test_flows.authentication.LoginFlow.verifyIncorrectPasswordStr(LoginFlow.java:95)
	at test_flows.authentication.LoginFlow.verifyLogin(LoginFlow.java:60)
	at Test.authen.LoginTest2.testLogin(LoginTest2.java:19)
	at java.util.ArrayList.forEach(Unknown Source)
	at java.util.concurrent.FutureTask.run(Unknown Source)
	at java.util.concurrent.ThreadPoolExecutor.runWorker(Unknown Source)
	at java.util.concurrent.ThreadPoolExecutor$Worker.run(Unknown Source)
	at java.lang.Thread.run(Unknown Source)
... Removed 20 stack frames</div></td></tr></table><p class="totop"><a href="#summary">back to summary</a></p>
<h3 id="m5">Test.form.FormTest#testFormInput</h3><table class="result"><tr><th>Exception</th></tr><tr><td><div class="stacktrace">org.openqa.selenium.NoSuchElementException: An element could not be located on the page using the given search parameters.
For documentation on this error, please visit: https://www.seleniumhq.org/exceptions/no_such_element.html
Build info: version: &apos;unknown&apos;, revision: &apos;unknown&apos;, time: &apos;unknown&apos;
System info: host: &apos;DESKTOP-UQV7475&apos;, ip: &apos;192.168.159.50&apos;, os.name: &apos;Windows 10&apos;, os.arch: &apos;amd64&apos;, os.version: &apos;10.0&apos;, java.version: &apos;1.8.0_321&apos;
Driver info: io.appium.java_client.android.AndroidDriver
Capabilities {appActivity: com.wdiodemoapp.MainActivity, appPackage: com.wdiodemoapp, automationName: uiautomator2, databaseEnabled: false, desired: {appActivity: com.wdiodemoapp.MainActivity, appPackage: com.wdiodemoapp, automationName: uiautomator2, platformName: android, server:CONFIG_UUID: f606eb66-7cb5-4c66-9745-191..., systemPort: 8932, udid: emulator-5554}, deviceApiLevel: 30, deviceManufacturer: unknown, deviceModel: Android SDK built for x86, deviceName: emulator-5554, deviceScreenDensity: 440, deviceScreenSize: 1080x2340, deviceUDID: emulator-5554, javascriptEnabled: true, locationContextEnabled: false, networkConnectionEnabled: true, pixelRatio: 2.75, platform: LINUX, platformName: android, platformVersion: 11, server:CONFIG_UUID: f606eb66-7cb5-4c66-9745-191..., statBarHeight: 135, systemPort: 8932, takesScreenshot: true, udid: emulator-5554, viewportRect: {height: 1902, left: 0, top: 135, width: 1080}, warnings: {}, webStorageEnabled: false}
Session ID: ec10c6d5-b474-4e9e-a1bc-30c67a2146a5
*** Element info: {Using=accessibility id, value=Forms}
	at org.openqa.selenium.remote.http.W3CHttpResponseCodec.createException(W3CHttpResponseCodec.java:187)
	at org.openqa.selenium.remote.http.W3CHttpResponseCodec.decode(W3CHttpResponseCodec.java:122)
	at org.openqa.selenium.remote.http.W3CHttpResponseCodec.decode(W3CHttpResponseCodec.java:49)
	at org.openqa.selenium.remote.HttpCommandExecutor.execute(HttpCommandExecutor.java:158)
	at io.appium.java_client.remote.AppiumCommandExecutor.execute(AppiumCommandExecutor.java:250)
	at org.openqa.selenium.remote.RemoteWebDriver.execute(RemoteWebDriver.java:552)
	at io.appium.java_client.DefaultGenericMobileDriver.execute(DefaultGenericMobileDriver.java:41)
	at io.appium.java_client.AppiumDriver.execute(AppiumDriver.java:1)
	at io.appium.java_client.android.AndroidDriver.execute(AndroidDriver.java:1)
	at org.openqa.selenium.remote.RemoteWebDriver.findElement(RemoteWebDriver.java:323)
	at io.appium.java_client.DefaultGenericMobileDriver.findElement(DefaultGenericMobileDriver.java:61)
	at io.appium.java_client.AppiumDriver.findElement(AppiumDriver.java:1)
	at io.appium.java_client.android.AndroidDriver.findElement(AndroidDriver.java:1)
	at io.appium.java_client.FindsByAccessibilityId.findElementByAccessibilityId(FindsByAccessibilityId.java:37)
	at io.appium.java_client.MobileBy$ByAccessibilityId.findElement(MobileBy.java:284)
	at org.openqa.selenium.remote.RemoteWebDriver.findElement(RemoteWebDriver.java:315)
	at io.appium.java_client.DefaultGenericMobileDriver.findElement(DefaultGenericMobileDriver.java:57)
	at io.appium.java_client.AppiumDriver.findElement(AppiumDriver.java:1)
	at io.appium.java_client.android.AndroidDriver.findElement(AndroidDriver.java:1)
	at models.components.BottomNavComponent.clickOnFormsIcon(BottomNavComponent.java:32)
	at test_flows.BaseFlow.gotoFormScreen(BaseFlow.java:19)
	at Test.form.FormTest.testFormInput(FormTest.java:13)
	at java.util.ArrayList.forEach(Unknown Source)
	at java.util.concurrent.FutureTask.run(Unknown Source)
	at java.util.concurrent.ThreadPoolExecutor.runWorker(Unknown Source)
	at java.util.concurrent.ThreadPoolExecutor$Worker.run(Unknown Source)
	at java.lang.Thread.run(Unknown Source)
... Removed 22 stack frames</div></td></tr></table><p class="totop"><a href="#summary">back to summary</a></p>
<h3 id="m6">Test.authen.LoginTest2#testLogin</h3><table class="result"><tr class="param"><th>Parameter #1</th></tr><tr class="param stripe"><td>LoginCredData{email=&apos;teo@sth.com&apos;, password=&apos;12345678&apos;}</td></tr></table><p class="totop"><a href="#summary">back to summary</a></p>
</body>
</html>
